{"level":"info","message":"Account service running on port 3004","service":"account-service","timestamp":"2025-05-30T19:19:34.096Z"}
{"level":"info","message":"Account service running on port 3004","service":"account-service","timestamp":"2025-05-30T19:22:56.013Z"}
{"level":"info","message":"Account service running on port 3004","service":"account-service","timestamp":"2025-05-30T19:23:02.132Z"}
{"level":"info","message":"Account service running on port 3004","service":"account-service","timestamp":"2025-05-30T21:57:36.332Z"}
{"level":"info","message":"Received GET request to /api/account/balance","service":"account-service","timestamp":"2025-05-30T22:00:41.324Z"}
{"level":"info","message":"Request body, [object Object]","service":"account-service","timestamp":"2025-05-30T22:00:41.324Z"}
{"level":"info","message":"Account service running on port 3004","service":"account-service","timestamp":"2025-05-30T22:12:09.698Z"}
{"level":"info","message":"Account service running on port 3004","service":"account-service","timestamp":"2025-05-30T22:12:20.948Z"}
{"level":"info","message":"Account service running on port 3004","service":"account-service","timestamp":"2025-05-30T22:12:26.744Z"}
{"level":"info","message":"Account service running on port 3004","service":"account-service","timestamp":"2025-05-30T22:12:28.167Z"}
{"level":"info","message":"Account service running on port 3004","service":"account-service","timestamp":"2025-05-30T22:12:29.937Z"}
{"level":"info","message":"Account service running on port 3004","service":"account-service","timestamp":"2025-05-30T22:12:31.880Z"}
{"level":"info","message":"Account service running on port 3004","service":"account-service","timestamp":"2025-05-30T22:12:33.598Z"}
{"level":"info","message":"Account service running on port 3004","service":"account-service","timestamp":"2025-05-30T22:12:36.460Z"}
{"level":"info","message":"Account service running on port 3004","service":"account-service","timestamp":"2025-05-30T22:12:39.777Z"}
{"level":"info","message":"Account service running on port 3004","service":"account-service","timestamp":"2025-05-30T22:13:02.881Z"}
{"level":"info","message":"Account service running on port 3004","service":"account-service","timestamp":"2025-05-30T22:13:10.803Z"}
{"level":"info","message":"Account service running on port 3004","service":"account-service","timestamp":"2025-05-30T22:13:11.938Z"}
{"level":"info","message":"Account service running on port 3004","service":"account-service","timestamp":"2025-05-30T22:13:12.976Z"}
{"level":"info","message":"Account service running on port 3004","service":"account-service","timestamp":"2025-05-30T22:13:19.316Z"}
{"level":"info","message":"Account service running on port 3004","service":"account-service","timestamp":"2025-05-30T22:13:21.385Z"}
{"level":"info","message":"Account service running on port 3004","service":"account-service","timestamp":"2025-05-30T22:13:25.244Z"}
{"level":"info","message":"Account service running on port 3004","service":"account-service","timestamp":"2025-05-30T22:13:34.983Z"}
{"level":"info","message":"Account service running on port 3004","service":"account-service","timestamp":"2025-05-30T22:13:38.950Z"}
{"level":"info","message":"Account service running on port 3004","service":"account-service","timestamp":"2025-05-30T22:13:47.008Z"}
{"level":"info","message":"Account service running on port 3004","service":"account-service","timestamp":"2025-05-30T22:13:49.134Z"}
{"level":"info","message":"Account service running on port 3004","service":"account-service","timestamp":"2025-05-30T22:13:53.773Z"}
{"level":"info","message":"Account service running on port 3004","service":"account-service","timestamp":"2025-05-30T22:13:56.423Z"}
{"level":"info","message":"Account service running on port 3004","service":"account-service","timestamp":"2025-05-30T22:13:58.549Z"}
{"level":"info","message":"Account service running on port 3004","service":"account-service","timestamp":"2025-05-30T22:14:03.231Z"}
{"level":"info","message":"Account service running on port 3004","service":"account-service","timestamp":"2025-05-30T22:14:07.025Z"}
{"level":"info","message":"Account service running on port 3004","service":"account-service","timestamp":"2025-05-30T22:48:46.502Z"}
{"level":"info","message":"Account service running on port 3004","service":"account-service","timestamp":"2025-05-30T22:49:24.506Z"}
{"level":"info","message":"Account service running on port 3004","service":"account-service","timestamp":"2025-05-30T22:49:48.814Z"}
{"level":"info","message":"Account service running on port 3004","service":"account-service","timestamp":"2025-05-30T22:54:19.461Z"}
{"level":"info","message":"Account service running on port 3004","service":"account-service","timestamp":"2025-05-31T07:22:03.208Z"}
{"level":"info","message":"Received GET request to /api/account/balance","service":"account-service","timestamp":"2025-05-31T07:25:48.085Z"}
{"level":"info","message":"Request body, [object Object]","service":"account-service","timestamp":"2025-05-31T07:25:48.086Z"}
{"level":"info","message":"Account service running on port 3004","service":"account-service","timestamp":"2025-05-31T07:27:18.235Z"}
{"level":"info","message":"Account service running on port 3004","service":"account-service","timestamp":"2025-05-31T07:27:19.406Z"}
{"level":"info","message":"Account service running on port 3004","service":"account-service","timestamp":"2025-05-31T07:28:36.521Z"}
{"level":"info","message":"Account service running on port 3004","service":"account-service","timestamp":"2025-05-31T07:28:39.385Z"}
{"level":"info","message":"Account service running on port 3004","service":"account-service","timestamp":"2025-05-31T07:29:00.155Z"}
{"level":"info","message":"Account service running on port 3004","service":"account-service","timestamp":"2025-05-31T07:29:07.411Z"}
{"level":"info","message":"Account service running on port 3004","service":"account-service","timestamp":"2025-05-31T07:29:22.251Z"}
{"level":"info","message":"Account service running on port 3004","service":"account-service","timestamp":"2025-05-31T07:29:28.521Z"}
{"level":"info","message":"Account service running on port 3004","service":"account-service","timestamp":"2025-05-31T07:29:32.557Z"}
{"level":"info","message":"Account service running on port 3004","service":"account-service","timestamp":"2025-05-31T07:29:34.327Z"}
{"level":"info","message":"Account service running on port 3004","service":"account-service","timestamp":"2025-05-31T07:29:35.638Z"}
{"level":"info","message":"Account service running on port 3004","service":"account-service","timestamp":"2025-05-31T07:29:36.879Z"}
{"level":"info","message":"Account service running on port 3004","service":"account-service","timestamp":"2025-05-31T07:29:38.745Z"}
{"level":"info","message":"Account service running on port 3004","service":"account-service","timestamp":"2025-05-31T07:29:39.824Z"}
{"level":"info","message":"Account service running on port 3004","service":"account-service","timestamp":"2025-05-31T07:29:41.676Z"}
{"level":"info","message":"Account service running on port 3004","service":"account-service","timestamp":"2025-05-31T07:29:43.573Z"}
{"level":"info","message":"Account service running on port 3004","service":"account-service","timestamp":"2025-05-31T07:29:45.008Z"}
{"level":"info","message":"Account service running on port 3004","service":"account-service","timestamp":"2025-05-31T07:30:57.180Z"}
{"level":"info","message":"Account service running on port 3004","service":"account-service","timestamp":"2025-05-31T07:30:58.772Z"}
{"level":"info","message":"Account service running on port 3004","service":"account-service","timestamp":"2025-05-31T07:31:04.976Z"}
{"level":"info","message":"Account service running on port 3004","service":"account-service","timestamp":"2025-05-31T07:31:12.620Z"}
{"level":"info","message":"Account service running on port 3004","service":"account-service","timestamp":"2025-05-31T07:31:24.044Z"}
{"level":"info","message":"Account service running on port 3004","service":"account-service","timestamp":"2025-05-31T07:31:27.561Z"}
{"level":"info","message":"Account service running on port 3004","service":"account-service","timestamp":"2025-05-31T07:31:31.318Z"}
{"level":"info","message":"Account service running on port 3004","service":"account-service","timestamp":"2025-05-31T07:31:41.588Z"}
{"level":"info","message":"Account service running on port 3004","service":"account-service","timestamp":"2025-05-31T07:31:48.370Z"}
{"level":"info","message":"Account service running on port 3004","service":"account-service","timestamp":"2025-05-31T07:31:51.572Z"}
{"level":"info","message":"Account service running on port 3004","service":"account-service","timestamp":"2025-05-31T07:31:57.548Z"}
{"level":"info","message":"Account service running on port 3004","service":"account-service","timestamp":"2025-05-31T07:32:09.112Z"}
{"level":"info","message":"Account service running on port 3004","service":"account-service","timestamp":"2025-05-31T07:32:24.683Z"}
{"level":"info","message":"Account service running on port 3004","service":"account-service","timestamp":"2025-05-31T07:32:29.371Z"}
{"level":"info","message":"Account service running on port 3004","service":"account-service","timestamp":"2025-05-31T07:32:35.178Z"}
{"level":"info","message":"Account service running on port 3004","service":"account-service","timestamp":"2025-05-31T07:32:38.158Z"}
{"level":"info","message":"Account service running on port 3004","service":"account-service","timestamp":"2025-05-31T07:32:39.381Z"}
{"level":"info","message":"Account service running on port 3004","service":"account-service","timestamp":"2025-05-31T07:32:48.778Z"}
{"level":"info","message":"Account service running on port 3004","service":"account-service","timestamp":"2025-05-31T07:32:55.934Z"}
{"level":"info","message":"Account service running on port 3004","service":"account-service","timestamp":"2025-05-31T07:33:22.055Z"}
{"level":"info","message":"Account service running on port 3004","service":"account-service","timestamp":"2025-05-31T07:33:26.741Z"}
{"level":"info","message":"Account service running on port 3004","service":"account-service","timestamp":"2025-05-31T07:33:38.300Z"}
{"level":"info","message":"Account service running on port 3004","service":"account-service","timestamp":"2025-05-31T07:33:40.253Z"}
{"level":"info","message":"Account service running on port 3004","service":"account-service","timestamp":"2025-05-31T07:33:49.950Z"}
{"level":"info","message":"Account service running on port 3004","service":"account-service","timestamp":"2025-05-31T07:39:44.351Z"}
{"level":"info","message":"Account service running on port 3004","service":"account-service","timestamp":"2025-05-31T07:39:48.699Z"}
{"level":"info","message":"Account service running on port 3004","service":"account-service","timestamp":"2025-05-31T07:39:52.553Z"}
{"level":"info","message":"Account service running on port 3004","service":"account-service","timestamp":"2025-05-31T07:40:27.809Z"}
{"level":"info","message":"Account service running on port 3004","service":"account-service","timestamp":"2025-05-31T07:40:37.736Z"}
{"level":"info","message":"Account service running on port 3004","service":"account-service","timestamp":"2025-05-31T07:40:44.599Z"}
{"level":"info","message":"Account service running on port 3004","service":"account-service","timestamp":"2025-05-31T07:40:51.425Z"}
{"level":"info","message":"Account service running on port 3004","service":"account-service","timestamp":"2025-05-31T07:40:53.401Z"}
{"level":"info","message":"Account service running on port 3004","service":"account-service","timestamp":"2025-05-31T07:40:54.859Z"}
{"level":"info","message":"Account service running on port 3004","service":"account-service","timestamp":"2025-05-31T07:40:56.208Z"}
{"level":"info","message":"Account service running on port 3004","service":"account-service","timestamp":"2025-05-31T07:41:00.599Z"}
{"level":"info","message":"Account service running on port 3004","service":"account-service","timestamp":"2025-05-31T07:41:17.542Z"}
{"level":"info","message":"Account service running on port 3004","service":"account-service","timestamp":"2025-05-31T07:41:32.920Z"}
{"level":"info","message":"Account service running on port 3004","service":"account-service","timestamp":"2025-05-31T07:41:51.938Z"}
{"level":"info","message":"Account service running on port 3004","service":"account-service","timestamp":"2025-05-31T07:41:55.668Z"}
{"level":"info","message":"Account service running on port 3004","service":"account-service","timestamp":"2025-05-31T07:42:02.965Z"}
{"level":"info","message":"Account service running on port 3004","service":"account-service","timestamp":"2025-05-31T07:45:47.964Z"}
{"level":"info","message":"Account service running on port 3004","service":"account-service","timestamp":"2025-05-31T07:46:00.472Z"}
{"level":"info","message":"Account service running on port 3004","service":"account-service","timestamp":"2025-05-31T07:46:01.928Z"}
{"level":"info","message":"Account service running on port 3004","service":"account-service","timestamp":"2025-05-31T07:46:15.159Z"}
{"level":"info","message":"Account service running on port 3004","service":"account-service","timestamp":"2025-05-31T07:46:21.228Z"}
{"level":"info","message":"Account service running on port 3004","service":"account-service","timestamp":"2025-05-31T07:46:23.120Z"}
{"level":"info","message":"Account service running on port 3004","service":"account-service","timestamp":"2025-05-31T07:46:31.301Z"}
{"level":"info","message":"Account service running on port 3004","service":"account-service","timestamp":"2025-05-31T07:46:36.467Z"}
{"level":"info","message":"Account service running on port 3004","service":"account-service","timestamp":"2025-05-31T07:46:42.873Z"}
{"level":"info","message":"Account service running on port 3004","service":"account-service","timestamp":"2025-05-31T07:46:47.851Z"}
{"level":"info","message":"Account service running on port 3004","service":"account-service","timestamp":"2025-05-31T07:46:56.806Z"}
{"level":"info","message":"Account service running on port 3004","service":"account-service","timestamp":"2025-05-31T07:46:58.055Z"}
{"level":"info","message":"Account service running on port 3004","service":"account-service","timestamp":"2025-05-31T07:47:00.302Z"}
{"level":"info","message":"Account service running on port 3004","service":"account-service","timestamp":"2025-05-31T07:47:05.211Z"}
{"level":"info","message":"Account service running on port 3004","service":"account-service","timestamp":"2025-05-31T07:47:06.538Z"}
{"level":"info","message":"Account service running on port 3004","service":"account-service","timestamp":"2025-05-31T07:47:51.404Z"}
{"level":"info","message":"Account service running on port 3004","service":"account-service","timestamp":"2025-05-31T07:47:53.125Z"}
{"level":"info","message":"Account service running on port 3004","service":"account-service","timestamp":"2025-05-31T07:48:22.922Z"}
{"level":"info","message":"Account service running on port 3004","service":"account-service","timestamp":"2025-05-31T07:48:27.341Z"}
{"level":"info","message":"Account service running on port 3004","service":"account-service","timestamp":"2025-05-31T07:48:41.994Z"}
{"level":"info","message":"Account service running on port 3004","service":"account-service","timestamp":"2025-05-31T07:52:44.691Z"}
{"level":"info","message":"Account service running on port 3004","service":"account-service","timestamp":"2025-05-31T08:08:24.221Z"}
{"level":"info","message":"Account service running on port 3004","service":"account-service","timestamp":"2025-05-31T08:08:25.544Z"}
{"level":"info","message":"Account service running on port 3004","service":"account-service","timestamp":"2025-05-31T08:08:28.767Z"}
{"level":"info","message":"Account service running on port 3004","service":"account-service","timestamp":"2025-05-31T08:08:31.433Z"}
{"level":"info","message":"Account service running on port 3004","service":"account-service","timestamp":"2025-05-31T08:08:35.395Z"}
{"level":"info","message":"Account service running on port 3004","service":"account-service","timestamp":"2025-05-31T08:08:37.533Z"}
{"level":"info","message":"Account service running on port 3004","service":"account-service","timestamp":"2025-05-31T08:08:41.364Z"}
{"level":"info","message":"Account service running on port 3004","service":"account-service","timestamp":"2025-05-31T08:08:43.172Z"}
{"level":"info","message":"Account service running on port 3004","service":"account-service","timestamp":"2025-05-31T08:08:46.107Z"}
{"level":"info","message":"Account service running on port 3004","service":"account-service","timestamp":"2025-05-31T08:08:48.248Z"}
{"level":"info","message":"Received POST request to /api/account/client-topup","service":"account-service","timestamp":"2025-05-31T08:09:49.836Z"}
{"level":"info","message":"Request body, [object Object]","service":"account-service","timestamp":"2025-05-31T08:09:49.838Z"}
{"level":"info","message":"Client Momo TopUp endpoint hit...","service":"account-service","timestamp":"2025-05-31T08:09:49.847Z"}
{"level":"error","message":"Error while saving in Cyclos:","service":"account-service","timestamp":"2025-05-31T08:09:49.851Z"}
{"level":"error","message":"Client Momo TopUp error occured Cannot read properties of undefined (reading 'status')","service":"account-service","stack":"TypeError: Cannot read properties of undefined (reading 'status')\n    at clientMomoTopUpService (file:///C:/Users/Bwiza%20Leathitia/OneDrive/Documents/ddin-projects/2025-projects/client-app-micro-service/account-service/src/service/clientMomoTopUpService.js:34:28)\n    at clientMomoTopUp (file:///C:/Users/Bwiza%20Leathitia/OneDrive/Documents/ddin-projects/2025-projects/client-app-micro-service/account-service/src/controllers/account-controller.js:25:15)\n    at Layer.handleRequest (C:\\Users\\Bwiza Leathitia\\OneDrive\\Documents\\ddin-projects\\2025-projects\\client-app-micro-service\\account-service\\node_modules\\router\\lib\\layer.js:152:17)\n    at next (C:\\Users\\Bwiza Leathitia\\OneDrive\\Documents\\ddin-projects\\2025-projects\\client-app-micro-service\\account-service\\node_modules\\router\\lib\\route.js:157:13)\n    at Route.dispatch (C:\\Users\\Bwiza Leathitia\\OneDrive\\Documents\\ddin-projects\\2025-projects\\client-app-micro-service\\account-service\\node_modules\\router\\lib\\route.js:117:3)\n    at handle (C:\\Users\\Bwiza Leathitia\\OneDrive\\Documents\\ddin-projects\\2025-projects\\client-app-micro-service\\account-service\\node_modules\\router\\index.js:435:11)\n    at Layer.handleRequest (C:\\Users\\Bwiza Leathitia\\OneDrive\\Documents\\ddin-projects\\2025-projects\\client-app-micro-service\\account-service\\node_modules\\router\\lib\\layer.js:152:17)\n    at C:\\Users\\Bwiza Leathitia\\OneDrive\\Documents\\ddin-projects\\2025-projects\\client-app-micro-service\\account-service\\node_modules\\router\\index.js:295:15\n    at processParams (C:\\Users\\Bwiza Leathitia\\OneDrive\\Documents\\ddin-projects\\2025-projects\\client-app-micro-service\\account-service\\node_modules\\router\\index.js:582:12)\n    at next (C:\\Users\\Bwiza Leathitia\\OneDrive\\Documents\\ddin-projects\\2025-projects\\client-app-micro-service\\account-service\\node_modules\\router\\index.js:291:5)","timestamp":"2025-05-31T08:09:49.854Z"}
{"level":"info","message":"Account service running on port 3004","service":"account-service","timestamp":"2025-05-31T08:10:42.940Z"}
{"level":"info","message":"Account service running on port 3004","service":"account-service","timestamp":"2025-05-31T08:13:05.958Z"}
{"level":"info","message":"Account service running on port 3004","service":"account-service","timestamp":"2025-05-31T08:29:30.418Z"}
{"level":"info","message":"Account service running on port 3004","service":"account-service","timestamp":"2025-05-31T08:33:03.764Z"}
{"level":"info","message":"Account service running on port 3004","service":"account-service","timestamp":"2025-05-31T08:33:15.775Z"}
{"level":"info","message":"Account service running on port 3004","service":"account-service","timestamp":"2025-05-31T08:33:19.957Z"}
{"level":"info","message":"Account service running on port 3004","service":"account-service","timestamp":"2025-05-31T08:33:21.603Z"}
{"level":"info","message":"Account service running on port 3004","service":"account-service","timestamp":"2025-05-31T08:33:23.215Z"}
{"level":"info","message":"Account service running on port 3004","service":"account-service","timestamp":"2025-05-31T08:33:24.758Z"}
{"level":"info","message":"Account service running on port 3004","service":"account-service","timestamp":"2025-05-31T08:33:26.277Z"}
{"level":"info","message":"Account service running on port 3004","service":"account-service","timestamp":"2025-05-31T08:33:29.460Z"}
{"level":"info","message":"Received POST request to /api/account/client-topup","service":"account-service","timestamp":"2025-05-31T08:34:01.644Z"}
{"level":"info","message":"Request body, [object Object]","service":"account-service","timestamp":"2025-05-31T08:34:01.646Z"}
{"level":"info","message":"Client Momo TopUp endpoint hit...","service":"account-service","timestamp":"2025-05-31T08:34:01.655Z"}
{"level":"info","message":"Account service running on port 3004","service":"account-service","timestamp":"2025-05-31T08:35:32.676Z"}
{"level":"info","message":"Received POST request to /api/account/client-topup","service":"account-service","timestamp":"2025-05-31T08:35:40.369Z"}
{"level":"info","message":"Request body, [object Object]","service":"account-service","timestamp":"2025-05-31T08:35:40.369Z"}
{"level":"info","message":"Client Momo TopUp endpoint hit...","service":"account-service","timestamp":"2025-05-31T08:35:40.373Z"}
{"level":"info","message":"Account service running on port 3004","service":"account-service","timestamp":"2025-05-31T08:39:55.045Z"}
{"level":"info","message":"Account service running on port 3004","service":"account-service","timestamp":"2025-05-31T08:39:59.780Z"}
{"level":"info","message":"Account service running on port 3004","service":"account-service","timestamp":"2025-05-31T08:40:03.446Z"}
{"level":"info","message":"Account service running on port 3004","service":"account-service","timestamp":"2025-05-31T08:40:07.246Z"}
{"level":"info","message":"Account service running on port 3004","service":"account-service","timestamp":"2025-05-31T08:40:21.236Z"}
{"level":"info","message":"Account service running on port 3004","service":"account-service","timestamp":"2025-05-31T08:40:23.826Z"}
{"level":"info","message":"Account service running on port 3004","service":"account-service","timestamp":"2025-05-31T08:40:27.920Z"}
{"level":"info","message":"Account service running on port 3004","service":"account-service","timestamp":"2025-05-31T08:40:30.548Z"}
{"level":"info","message":"Account service running on port 3004","service":"account-service","timestamp":"2025-05-31T08:40:34.425Z"}
{"level":"info","message":"Account service running on port 3004","service":"account-service","timestamp":"2025-05-31T08:40:36.786Z"}
{"level":"info","message":"Account service running on port 3004","service":"account-service","timestamp":"2025-05-31T08:40:42.897Z"}
{"level":"info","message":"Account service running on port 3004","service":"account-service","timestamp":"2025-05-31T08:40:50.175Z"}
{"level":"info","message":"Account service running on port 3004","service":"account-service","timestamp":"2025-05-31T08:40:53.108Z"}
{"level":"info","message":"Account service running on port 3004","service":"account-service","timestamp":"2025-05-31T08:40:55.085Z"}
{"level":"info","message":"Account service running on port 3004","service":"account-service","timestamp":"2025-05-31T08:40:57.684Z"}
{"level":"info","message":"Account service running on port 3004","service":"account-service","timestamp":"2025-05-31T08:40:58.744Z"}
{"level":"info","message":"Account service running on port 3004","service":"account-service","timestamp":"2025-05-31T08:41:11.935Z"}
{"level":"info","message":"Account service running on port 3004","service":"account-service","timestamp":"2025-05-31T08:41:14.965Z"}
{"level":"info","message":"Received POST request to /api/account/client-topup","service":"account-service","timestamp":"2025-05-31T08:42:09.798Z"}
{"level":"info","message":"Request body, [object Object]","service":"account-service","timestamp":"2025-05-31T08:42:09.800Z"}
{"level":"info","message":"Client Momo TopUp endpoint hit...","service":"account-service","timestamp":"2025-05-31T08:42:09.809Z"}
{"level":"error","message":"Error while saving in Cyclos:","service":"account-service","timestamp":"2025-05-31T08:42:10.638Z"}
{"level":"info","message":"Account service running on port 3004","service":"account-service","timestamp":"2025-05-31T08:42:28.607Z"}
{"level":"info","message":"Account service running on port 3004","service":"account-service","timestamp":"2025-05-31T08:42:30.593Z"}
{"level":"info","message":"Account service running on port 3004","service":"account-service","timestamp":"2025-05-31T08:42:32.626Z"}
{"level":"info","message":"Account service running on port 3004","service":"account-service","timestamp":"2025-05-31T08:42:34.925Z"}
{"level":"info","message":"Account service running on port 3004","service":"account-service","timestamp":"2025-05-31T08:42:38.290Z"}
{"level":"info","message":"Account service running on port 3004","service":"account-service","timestamp":"2025-05-31T08:42:39.653Z"}
{"level":"info","message":"Account service running on port 3004","service":"account-service","timestamp":"2025-05-31T08:42:41.961Z"}
{"level":"info","message":"Account service running on port 3004","service":"account-service","timestamp":"2025-05-31T08:42:44.099Z"}
{"level":"info","message":"Account service running on port 3004","service":"account-service","timestamp":"2025-05-31T08:42:45.361Z"}
{"level":"info","message":"Account service running on port 3004","service":"account-service","timestamp":"2025-05-31T08:43:11.348Z"}
{"level":"info","message":"Account service running on port 3004","service":"account-service","timestamp":"2025-05-31T08:43:13.631Z"}
{"level":"info","message":"Account service running on port 3004","service":"account-service","timestamp":"2025-05-31T08:43:18.580Z"}
{"level":"info","message":"Account service running on port 3004","service":"account-service","timestamp":"2025-05-31T08:43:20.113Z"}
{"level":"info","message":"Account service running on port 3004","service":"account-service","timestamp":"2025-05-31T08:43:23.885Z"}
{"level":"info","message":"Account service running on port 3004","service":"account-service","timestamp":"2025-05-31T08:43:28.344Z"}
{"level":"info","message":"Account service running on port 3004","service":"account-service","timestamp":"2025-05-31T08:43:36.756Z"}
{"level":"info","message":"Received POST request to /api/account/client-topup","service":"account-service","timestamp":"2025-05-31T08:44:32.712Z"}
{"level":"info","message":"Request body, [object Object]","service":"account-service","timestamp":"2025-05-31T08:44:32.713Z"}
{"level":"info","message":"Client Momo TopUp endpoint hit...","service":"account-service","timestamp":"2025-05-31T08:44:32.716Z"}
{"level":"error","message":"Error while saving in Cyclos:","service":"account-service","timestamp":"2025-05-31T08:44:33.501Z"}
{"level":"info","message":"Account service running on port 3004","service":"account-service","timestamp":"2025-05-31T08:46:01.459Z"}
{"level":"info","message":"Received POST request to /api/account/client-topup","service":"account-service","timestamp":"2025-05-31T08:46:26.581Z"}
{"level":"info","message":"Request body, [object Object]","service":"account-service","timestamp":"2025-05-31T08:46:26.583Z"}
{"level":"info","message":"Client Momo TopUp endpoint hit...","service":"account-service","timestamp":"2025-05-31T08:46:26.591Z"}
{"level":"error","message":"Error while saving in Cyclos:","service":"account-service","timestamp":"2025-05-31T08:46:27.589Z"}
{"level":"info","message":"Account service running on port 3004","service":"account-service","timestamp":"2025-05-31T08:47:29.982Z"}
{"level":"info","message":"Account service running on port 3004","service":"account-service","timestamp":"2025-05-31T08:47:30.925Z"}
{"level":"info","message":"Account service running on port 3004","service":"account-service","timestamp":"2025-05-31T08:47:32.277Z"}
{"level":"info","message":"Account service running on port 3004","service":"account-service","timestamp":"2025-05-31T08:47:33.273Z"}
{"level":"info","message":"Account service running on port 3004","service":"account-service","timestamp":"2025-05-31T08:47:35.905Z"}
{"level":"info","message":"Account service running on port 3004","service":"account-service","timestamp":"2025-05-31T08:47:38.102Z"}
{"level":"info","message":"Account service running on port 3004","service":"account-service","timestamp":"2025-05-31T08:47:41.921Z"}
{"level":"info","message":"Account service running on port 3004","service":"account-service","timestamp":"2025-05-31T08:47:46.887Z"}
{"level":"info","message":"Received POST request to /api/account/client-topup","service":"account-service","timestamp":"2025-05-31T08:48:10.842Z"}
{"level":"info","message":"Request body, [object Object]","service":"account-service","timestamp":"2025-05-31T08:48:10.845Z"}
{"level":"info","message":"Client Momo TopUp endpoint hit...","service":"account-service","timestamp":"2025-05-31T08:48:10.854Z"}
{"level":"error","message":"Error while saving in Cyclos:","service":"account-service","timestamp":"2025-05-31T08:48:11.728Z"}
{"level":"info","message":"Account service running on port 3004","service":"account-service","timestamp":"2025-05-31T08:49:36.885Z"}
{"level":"info","message":"Account service running on port 3004","service":"account-service","timestamp":"2025-05-31T08:49:43.318Z"}
{"level":"info","message":"Account service running on port 3004","service":"account-service","timestamp":"2025-05-31T08:49:46.274Z"}
{"level":"info","message":"Account service running on port 3004","service":"account-service","timestamp":"2025-05-31T08:49:49.115Z"}
{"level":"info","message":"Account service running on port 3004","service":"account-service","timestamp":"2025-05-31T08:49:54.014Z"}
{"level":"info","message":"Account service running on port 3004","service":"account-service","timestamp":"2025-05-31T08:49:57.932Z"}
{"level":"info","message":"Account service running on port 3004","service":"account-service","timestamp":"2025-05-31T08:50:04.965Z"}
{"level":"info","message":"Account service running on port 3004","service":"account-service","timestamp":"2025-05-31T08:50:05.970Z"}
{"level":"info","message":"Received POST request to /api/account/client-topup","service":"account-service","timestamp":"2025-05-31T08:50:26.347Z"}
{"level":"info","message":"Request body, [object Object]","service":"account-service","timestamp":"2025-05-31T08:50:26.349Z"}
{"level":"info","message":"Client Momo TopUp endpoint hit...","service":"account-service","timestamp":"2025-05-31T08:50:26.358Z"}
{"level":"error","message":"Error while saving in Cyclos:","service":"account-service","timestamp":"2025-05-31T08:50:27.119Z"}
{"level":"info","message":"Account service running on port 3004","service":"account-service","timestamp":"2025-05-31T08:51:56.070Z"}
{"level":"info","message":"Account service running on port 3004","service":"account-service","timestamp":"2025-05-31T08:52:04.728Z"}
{"level":"info","message":"Account service running on port 3004","service":"account-service","timestamp":"2025-05-31T08:52:09.813Z"}
{"level":"info","message":"Received POST request to /api/account/client-topup","service":"account-service","timestamp":"2025-05-31T08:52:22.752Z"}
{"level":"info","message":"Request body, [object Object]","service":"account-service","timestamp":"2025-05-31T08:52:22.754Z"}
{"level":"info","message":"Client Momo TopUp endpoint hit...","service":"account-service","timestamp":"2025-05-31T08:52:22.761Z"}
{"level":"error","message":"Error while saving in Cyclos:","service":"account-service","timestamp":"2025-05-31T08:52:23.635Z"}
{"level":"info","message":"Received POST request to /api/account/client-topup","service":"account-service","timestamp":"2025-05-31T08:57:54.565Z"}
{"level":"info","message":"Request body, [object Object]","service":"account-service","timestamp":"2025-05-31T08:57:54.567Z"}
{"level":"info","message":"Client Momo TopUp endpoint hit...","service":"account-service","timestamp":"2025-05-31T08:57:54.569Z"}
{"level":"warn","message":"Successfully TopUp Client Account","service":"account-service","timestamp":"2025-05-31T08:57:55.322Z"}
{"level":"info","message":"Account service running on port 3004","service":"account-service","timestamp":"2025-05-31T09:10:25.643Z"}
{"level":"info","message":"Account service running on port 3004","service":"account-service","timestamp":"2025-05-31T09:10:40.857Z"}
{"level":"info","message":"Account service running on port 3004","service":"account-service","timestamp":"2025-05-31T09:11:18.391Z"}
{"level":"info","message":"Account service running on port 3004","service":"account-service","timestamp":"2025-05-31T14:25:45.607Z"}
{"level":"info","message":"Account service running on port 3004","service":"account-service","timestamp":"2025-07-02T11:15:33.191Z"}
{"level":"info","message":"Account service running on port 3004","service":"account-service","timestamp":"2025-07-02T17:12:26.395Z"}
{"level":"info","message":"Account service running on port 3004","service":"account-service","timestamp":"2025-07-08T07:30:48.011Z"}
{"level":"info","message":"Account service running on port 3004","service":"account-service","timestamp":"2025-07-08T13:55:29.723Z"}
{"level":"info","message":"Account service running on port 3004","service":"account-service","timestamp":"2025-07-21T20:57:10.804Z"}
{"level":"info","message":"Account service running on port 3004","service":"account-service","timestamp":"2025-07-21T23:19:17.412Z"}
{"level":"info","message":"Account service running on port 4002","service":"account-service","timestamp":"2025-09-30T19:14:25.128Z"}
{"level":"info","message":"Account service running on port 4002","service":"account-service","timestamp":"2025-09-30T19:31:25.120Z"}
{"level":"info","message":"Account service running on port 4002","service":"account-service","timestamp":"2025-09-30T19:31:26.547Z"}
{"level":"info","message":"Account service running on port 4002","service":"account-service","timestamp":"2025-09-30T19:33:02.637Z"}
{"level":"info","message":"Account service running on port 4002","service":"account-service","timestamp":"2025-09-30T19:33:08.446Z"}
{"level":"info","message":"Account service running on port 4002","service":"account-service","timestamp":"2025-09-30T19:33:09.940Z"}
{"level":"info","message":"Account service running on port 4002","service":"account-service","timestamp":"2025-09-30T19:33:15.949Z"}
{"level":"info","message":"Account service running on port 4002","service":"account-service","timestamp":"2025-09-30T19:33:17.847Z"}
{"level":"info","message":"Account service running on port 4002","service":"account-service","timestamp":"2025-09-30T19:33:19.822Z"}
{"level":"info","message":"Account service running on port 4002","service":"account-service","timestamp":"2025-09-30T19:33:24.484Z"}
{"level":"info","message":"Account service running on port 4002","service":"account-service","timestamp":"2025-09-30T19:33:35.608Z"}
{"level":"info","message":"Account service running on port 4002","service":"account-service","timestamp":"2025-09-30T19:33:36.765Z"}
{"level":"info","message":"Account service running on port 4002","service":"account-service","timestamp":"2025-09-30T19:34:00.956Z"}
{"level":"info","message":"Account service running on port 4002","service":"account-service","timestamp":"2025-09-30T19:34:09.234Z"}
{"level":"info","message":"Account service running on port 4002","service":"account-service","timestamp":"2025-09-30T19:35:33.066Z"}
